<?xml version="1.0" encoding="UTF-8"?>
<testsuite xmlns:xsi="http://www.w3.org/2001/XMLSchema-instance" xsi:noNamespaceSchemaLocation="https://maven.apache.org/surefire/maven-surefire-plugin/xsd/surefire-test-report-3.0.xsd" version="3.0" name="com.pahanasolutions.PahanaEdu.dao.CustomerDaoTest" time="0.071" tests="4" errors="0" skipped="0" failures="0">
  <properties>
    <property name="java.specification.version" value="17"/>
    <property name="sun.jnu.encoding" value="UTF-8"/>
    <property name="java.class.path" value="/Users/rishithamenusha/Desktop/PahanaEdu/PahanaEduBillingSystem-master/target/test-classes:/Users/rishithamenusha/Desktop/PahanaEdu/PahanaEduBillingSystem-master/target/classes:/Users/rishithamenusha/.m2/repository/jakarta/platform/jakarta.jakartaee-api/9.1.0/jakarta.jakartaee-api-9.1.0.jar:/Users/rishithamenusha/.m2/repository/jakarta/servlet/jakarta.servlet-api/5.0.0/jakarta.servlet-api-5.0.0.jar:/Users/rishithamenusha/.m2/repository/jakarta/servlet/jsp/jakarta.servlet.jsp-api/3.1.0/jakarta.servlet.jsp-api-3.1.0.jar:/Users/rishithamenusha/.m2/repository/jakarta/servlet/jsp/jstl/jakarta.servlet.jsp.jstl-api/3.0.0/jakarta.servlet.jsp.jstl-api-3.0.0.jar:/Users/rishithamenusha/.m2/repository/jakarta/el/jakarta.el-api/5.0.0/jakarta.el-api-5.0.0.jar:/Users/rishithamenusha/.m2/repository/org/glassfish/web/jakarta.servlet.jsp.jstl/3.0.1/jakarta.servlet.jsp.jstl-3.0.1.jar:/Users/rishithamenusha/.m2/repository/com/mysql/mysql-connector-j/8.3.0/mysql-connector-j-8.3.0.jar:/Users/rishithamenusha/.m2/repository/com/google/protobuf/protobuf-java/3.25.1/protobuf-java-3.25.1.jar:/Users/rishithamenusha/.m2/repository/org/mindrot/jbcrypt/0.4/jbcrypt-0.4.jar:/Users/rishithamenusha/.m2/repository/org/junit/jupiter/junit-jupiter-api/5.10.2/junit-jupiter-api-5.10.2.jar:/Users/rishithamenusha/.m2/repository/org/opentest4j/opentest4j/1.3.0/opentest4j-1.3.0.jar:/Users/rishithamenusha/.m2/repository/org/junit/platform/junit-platform-commons/1.10.2/junit-platform-commons-1.10.2.jar:/Users/rishithamenusha/.m2/repository/org/apiguardian/apiguardian-api/1.1.2/apiguardian-api-1.1.2.jar:/Users/rishithamenusha/.m2/repository/org/junit/jupiter/junit-jupiter-engine/5.10.2/junit-jupiter-engine-5.10.2.jar:/Users/rishithamenusha/.m2/repository/org/junit/platform/junit-platform-engine/1.10.2/junit-platform-engine-1.10.2.jar:/Users/rishithamenusha/.m2/repository/org/mockito/mockito-core/5.18.0/mockito-core-5.18.0.jar:/Users/rishithamenusha/.m2/repository/net/bytebuddy/byte-buddy/1.17.5/byte-buddy-1.17.5.jar:/Users/rishithamenusha/.m2/repository/net/bytebuddy/byte-buddy-agent/1.17.5/byte-buddy-agent-1.17.5.jar:/Users/rishithamenusha/.m2/repository/org/objenesis/objenesis/3.3/objenesis-3.3.jar:/Users/rishithamenusha/.m2/repository/org/mockito/mockito-junit-jupiter/5.18.0/mockito-junit-jupiter-5.18.0.jar:"/>
    <property name="java.vm.vendor" value="Oracle Corporation"/>
    <property name="sun.arch.data.model" value="64"/>
    <property name="java.vendor.url" value="https://java.oracle.com/"/>
    <property name="user.timezone" value="Asia/Colombo"/>
    <property name="os.name" value="Mac OS X"/>
    <property name="java.vm.specification.version" value="17"/>
    <property name="sun.java.launcher" value="SUN_STANDARD"/>
    <property name="user.country" value="LK"/>
    <property name="sun.boot.library.path" value="/Library/Java/JavaVirtualMachines/jdk-17.jdk/Contents/Home/lib"/>
    <property name="sun.java.command" value="/Users/rishithamenusha/Desktop/PahanaEdu/PahanaEduBillingSystem-master/target/surefire/surefirebooter-20250819154257606_3.jar /Users/rishithamenusha/Desktop/PahanaEdu/PahanaEduBillingSystem-master/target/surefire 2025-08-19T15-42-55_868-jvmRun1 surefire-20250819154257606_1tmp surefire_0-20250819154257606_2tmp"/>
    <property name="http.nonProxyHosts" value="local|*.local|169.254/16|*.169.254/16"/>
    <property name="jdk.debug" value="release"/>
    <property name="surefire.test.class.path" value="/Users/rishithamenusha/Desktop/PahanaEdu/PahanaEduBillingSystem-master/target/test-classes:/Users/rishithamenusha/Desktop/PahanaEdu/PahanaEduBillingSystem-master/target/classes:/Users/rishithamenusha/.m2/repository/jakarta/platform/jakarta.jakartaee-api/9.1.0/jakarta.jakartaee-api-9.1.0.jar:/Users/rishithamenusha/.m2/repository/jakarta/servlet/jakarta.servlet-api/5.0.0/jakarta.servlet-api-5.0.0.jar:/Users/rishithamenusha/.m2/repository/jakarta/servlet/jsp/jakarta.servlet.jsp-api/3.1.0/jakarta.servlet.jsp-api-3.1.0.jar:/Users/rishithamenusha/.m2/repository/jakarta/servlet/jsp/jstl/jakarta.servlet.jsp.jstl-api/3.0.0/jakarta.servlet.jsp.jstl-api-3.0.0.jar:/Users/rishithamenusha/.m2/repository/jakarta/el/jakarta.el-api/5.0.0/jakarta.el-api-5.0.0.jar:/Users/rishithamenusha/.m2/repository/org/glassfish/web/jakarta.servlet.jsp.jstl/3.0.1/jakarta.servlet.jsp.jstl-3.0.1.jar:/Users/rishithamenusha/.m2/repository/com/mysql/mysql-connector-j/8.3.0/mysql-connector-j-8.3.0.jar:/Users/rishithamenusha/.m2/repository/com/google/protobuf/protobuf-java/3.25.1/protobuf-java-3.25.1.jar:/Users/rishithamenusha/.m2/repository/org/mindrot/jbcrypt/0.4/jbcrypt-0.4.jar:/Users/rishithamenusha/.m2/repository/org/junit/jupiter/junit-jupiter-api/5.10.2/junit-jupiter-api-5.10.2.jar:/Users/rishithamenusha/.m2/repository/org/opentest4j/opentest4j/1.3.0/opentest4j-1.3.0.jar:/Users/rishithamenusha/.m2/repository/org/junit/platform/junit-platform-commons/1.10.2/junit-platform-commons-1.10.2.jar:/Users/rishithamenusha/.m2/repository/org/apiguardian/apiguardian-api/1.1.2/apiguardian-api-1.1.2.jar:/Users/rishithamenusha/.m2/repository/org/junit/jupiter/junit-jupiter-engine/5.10.2/junit-jupiter-engine-5.10.2.jar:/Users/rishithamenusha/.m2/repository/org/junit/platform/junit-platform-engine/1.10.2/junit-platform-engine-1.10.2.jar:/Users/rishithamenusha/.m2/repository/org/mockito/mockito-core/5.18.0/mockito-core-5.18.0.jar:/Users/rishithamenusha/.m2/repository/net/bytebuddy/byte-buddy/1.17.5/byte-buddy-1.17.5.jar:/Users/rishithamenusha/.m2/repository/net/bytebuddy/byte-buddy-agent/1.17.5/byte-buddy-agent-1.17.5.jar:/Users/rishithamenusha/.m2/repository/org/objenesis/objenesis/3.3/objenesis-3.3.jar:/Users/rishithamenusha/.m2/repository/org/mockito/mockito-junit-jupiter/5.18.0/mockito-junit-jupiter-5.18.0.jar:"/>
    <property name="sun.cpu.endian" value="little"/>
    <property name="user.home" value="/Users/rishithamenusha"/>
    <property name="user.language" value="en"/>
    <property name="java.specification.vendor" value="Oracle Corporation"/>
    <property name="java.version.date" value="2024-07-16"/>
    <property name="java.home" value="/Library/Java/JavaVirtualMachines/jdk-17.jdk/Contents/Home"/>
    <property name="file.separator" value="/"/>
    <property name="basedir" value="/Users/rishithamenusha/Desktop/PahanaEdu/PahanaEduBillingSystem-master"/>
    <property name="java.vm.compressedOopsMode" value="Zero based"/>
    <property name="line.separator" value="&#10;"/>
    <property name="java.specification.name" value="Java Platform API Specification"/>
    <property name="java.vm.specification.vendor" value="Oracle Corporation"/>
    <property name="surefire.real.class.path" value="/Users/rishithamenusha/Desktop/PahanaEdu/PahanaEduBillingSystem-master/target/surefire/surefirebooter-20250819154257606_3.jar"/>
    <property name="sun.management.compiler" value="HotSpot 64-Bit Tiered Compilers"/>
    <property name="ftp.nonProxyHosts" value="local|*.local|169.254/16|*.169.254/16"/>
    <property name="java.runtime.version" value="17.0.12+8-LTS-286"/>
    <property name="user.name" value="rishithamenusha"/>
    <property name="path.separator" value=":"/>
    <property name="os.version" value="15.5"/>
    <property name="java.runtime.name" value="Java(TM) SE Runtime Environment"/>
    <property name="file.encoding" value="UTF-8"/>
    <property name="java.vm.name" value="Java HotSpot(TM) 64-Bit Server VM"/>
    <property name="localRepository" value="/Users/rishithamenusha/.m2/repository"/>
    <property name="java.vendor.url.bug" value="https://bugreport.java.com/bugreport/"/>
    <property name="java.io.tmpdir" value="/var/folders/tc/07kchry10fs24swb8_dlhwcc0000gn/T/"/>
    <property name="java.version" value="17.0.12"/>
    <property name="user.dir" value="/Users/rishithamenusha/Desktop/PahanaEdu/PahanaEduBillingSystem-master"/>
    <property name="os.arch" value="aarch64"/>
    <property name="java.vm.specification.name" value="Java Virtual Machine Specification"/>
    <property name="native.encoding" value="UTF-8"/>
    <property name="java.library.path" value="/Users/rishithamenusha/Library/Java/Extensions:/Library/Java/Extensions:/Network/Library/Java/Extensions:/System/Library/Java/Extensions:/usr/lib/java:."/>
    <property name="java.vm.info" value="mixed mode, sharing"/>
    <property name="java.vendor" value="Oracle Corporation"/>
    <property name="java.vm.version" value="17.0.12+8-LTS-286"/>
    <property name="sun.io.unicode.encoding" value="UnicodeBig"/>
    <property name="socksNonProxyHosts" value="local|*.local|169.254/16|*.169.254/16"/>
    <property name="java.class.version" value="61.0"/>
  </properties>
  <testcase name="testGetCustomerById" classname="com.pahanasolutions.PahanaEdu.dao.CustomerDaoTest" time="0.002"/>
  <testcase name="testDeleteCustomerSuccess" classname="com.pahanasolutions.PahanaEdu.dao.CustomerDaoTest" time="0.001"/>
  <testcase name="testUpdateCustomerSuccess" classname="com.pahanasolutions.PahanaEdu.dao.CustomerDaoTest" time="0.003"/>
  <testcase name="testAddCustomerSuccess" classname="com.pahanasolutions.PahanaEdu.dao.CustomerDaoTest" time="0.063"/>
</testsuite>